<?xml version="1.0" encoding="UTF-8"?>
<!-- Generated by org.testng.reporters.JUnitReportReporter -->
<testsuite hostname="Kim" failures="0" tests="1" name="com.markets.automated.tests.HomePageTests" time="2.655" errors="0" timestamp="2023-08-20T08:17:51 PST" skipped="0">
  <testcase classname="com.markets.automated.tests.HomePageTests" name="testNavigationToPlatformPage" time="2.655"/>
</testsuite> <!-- com.markets.automated.tests.HomePageTests -->
