<?xml version="1.0" encoding="UTF-8"?>
<!-- Generated by org.testng.reporters.JUnitReportReporter -->
<testsuite hostname="Kim" failures="0" tests="1" name="com.markets.automated.tests.PlatformPageTests" time="75.367" errors="0" timestamp="2023-08-21T21:45:22 PST" skipped="0">
  <testcase classname="com.markets.automated.tests.PlatformPageTests" name="testCreationOfNewAccounts" time="75.367"/>
</testsuite> <!-- com.markets.automated.tests.PlatformPageTests -->
